Using pre-set license
Built from '2020.3/staging' branch; Version is '2020.3.48f1 (b805b124c6b7) revision 12060081'; Using compiler version '192528614'; Build Type 'Release'
OS: 'Windows 10  (10.0.19045) 64bit Core' Language: 'es' Physical Memory: 32637 MB
BatchMode: 1, IsHumanControllingUs: 0, StartBugReporterOnCrash: 0, Is64bit: 1, IsPro: 0

COMMAND LINE ARGUMENTS:
C:\Program Files\Unity\Hub\Editor\2020.3.48f1\Editor\Unity.exe
-adb2
-batchMode
-noUpm
-name
AssetImportWorker0
-projectPath
F:/Austin work/RubysAdventure
-logFile
Logs/AssetImportWorker0.log
-srvPort
50228
Successfully changed project path to: F:/Austin work/RubysAdventure
F:/Austin work/RubysAdventure
Using Asset Import Pipeline V2.
Player connection [14836] Host "[IP] 192.168.254.19 [Port] 1073959136 [Flags] 2 [Guid] 3973599458 [EditorId] 3973599458 [Version] 1048832 [Id] WindowsEditor(7,LAPTOP-PHDPI4OA) [Debug] 1 [PackageName] WindowsEditor [ProjectName] Editor" joined multi-casting on [225.0.0.222:54997]...

Player connection [14836] Host "[IP] 192.168.254.19 [Port] 1073959136 [Flags] 2 [Guid] 3973599458 [EditorId] 3973599458 [Version] 1048832 [Id] WindowsEditor(7,LAPTOP-PHDPI4OA) [Debug] 1 [PackageName] WindowsEditor [ProjectName] Editor" joined alternative multi-casting on [225.0.0.222:34997]...

Refreshing native plugins compatible for Editor in 40.88 ms, found 3 plugins.
Preloading 0 native plugins for Editor in 0.00 ms.
Initialize engine version: 2020.3.48f1 (b805b124c6b7)
[Subsystems] Discovering subsystems at path C:/Program Files/Unity/Hub/Editor/2020.3.48f1/Editor/Data/Resources/UnitySubsystems
[Subsystems] Discovering subsystems at path F:/Austin work/RubysAdventure/Assets
GfxDevice: creating device client; threaded=0
Direct3D:
    Version:  Direct3D 11.0 [level 11.1]
    Renderer: NVIDIA GeForce RTX 2070 with Max-Q Design (ID=0x1f50)
    Vendor:   
    VRAM:     8019 MB
    Driver:   31.0.15.4617
Initialize mono
Mono path[0] = 'C:/Program Files/Unity/Hub/Editor/2020.3.48f1/Editor/Data/Managed'
Mono path[1] = 'C:/Program Files/Unity/Hub/Editor/2020.3.48f1/Editor/Data/MonoBleedingEdge/lib/mono/unityjit'
Mono config path = 'C:/Program Files/Unity/Hub/Editor/2020.3.48f1/Editor/Data/MonoBleedingEdge/etc'
Using monoOptions --debugger-agent=transport=dt_socket,embedding=1,server=y,suspend=n,address=127.0.0.1:56556
Begin MonoManager ReloadAssembly
Registering precompiled unity dll's ...
Register platform support module: C:/Program Files/Unity/Hub/Editor/2020.3.48f1/Editor/Data/PlaybackEngines/WebGLSupport/UnityEditor.WebGL.Extensions.dll
Register platform support module: C:/Program Files/Unity/Hub/Editor/2020.3.48f1/Editor/Data/PlaybackEngines/WindowsStandaloneSupport/UnityEditor.WindowsStandalone.Extensions.dll
Registered in 0.003708 seconds.
Native extension for WindowsStandalone target not found
Native extension for WebGL target not found
Refreshing native plugins compatible for Editor in 40.16 ms, found 3 plugins.
Preloading 0 native plugins for Editor in 0.00 ms.
Mono: successfully reloaded assembly
- Completed reload, in  0.589 seconds
Domain Reload Profiling:
	ReloadAssembly (589ms)
		BeginReloadAssembly (64ms)
			ExecutionOrderSort (0ms)
			DisableScriptedObjects (0ms)
			BackupInstance (0ms)
			ReleaseScriptingObjects (0ms)
			CreateAndSetChildDomain (1ms)
		EndReloadAssembly (452ms)
			LoadAssemblies (62ms)
			RebuildTransferFunctionScriptingTraits (0ms)
			SetupTypeCache (166ms)
			ReleaseScriptCaches (0ms)
			RebuildScriptCaches (29ms)
			SetupLoadedEditorAssemblies (155ms)
				LogAssemblyErrors (0ms)
				InitializePlatformSupportModulesInManaged (5ms)
				SetLoadedEditorAssemblies (0ms)
				RefreshPlugins (40ms)
				BeforeProcessingInitializeOnLoad (9ms)
				ProcessInitializeOnLoadAttributes (76ms)
				ProcessInitializeOnLoadMethodAttributes (26ms)
				AfterProcessingInitializeOnLoad (0ms)
				EditorAssembliesLoaded (0ms)
			ExecutionOrderSort2 (0ms)
			AwakeInstancesAfterBackupRestoration (0ms)
Platform modules already initialized, skipping
Registering precompiled user dll's ...
Registered in 0.002589 seconds.
Begin MonoManager ReloadAssembly
Native extension for WindowsStandalone target not found
Native extension for WebGL target not found
Refreshing native plugins compatible for Editor in 38.61 ms, found 3 plugins.
Preloading 0 native plugins for Editor in 0.00 ms.
Mono: successfully reloaded assembly
- Completed reload, in  1.131 seconds
Domain Reload Profiling:
	ReloadAssembly (1133ms)
		BeginReloadAssembly (157ms)
			ExecutionOrderSort (0ms)
			DisableScriptedObjects (4ms)
			BackupInstance (0ms)
			ReleaseScriptingObjects (0ms)
			CreateAndSetChildDomain (17ms)
		EndReloadAssembly (908ms)
			LoadAssemblies (120ms)
			RebuildTransferFunctionScriptingTraits (0ms)
			SetupTypeCache (276ms)
			ReleaseScriptCaches (0ms)
			RebuildScriptCaches (50ms)
			SetupLoadedEditorAssemblies (368ms)
				LogAssemblyErrors (0ms)
				InitializePlatformSupportModulesInManaged (4ms)
				SetLoadedEditorAssemblies (0ms)
				RefreshPlugins (39ms)
				BeforeProcessingInitializeOnLoad (90ms)
				ProcessInitializeOnLoadAttributes (215ms)
				ProcessInitializeOnLoadMethodAttributes (13ms)
				AfterProcessingInitializeOnLoad (7ms)
				EditorAssembliesLoaded (0ms)
			ExecutionOrderSort2 (0ms)
			AwakeInstancesAfterBackupRestoration (2ms)
Platform modules already initialized, skipping
========================================================================
Worker process is ready to serve import requests
Launched and connected shader compiler UnityShaderCompiler.exe after 0.06 seconds
Refreshing native plugins compatible for Editor in 0.42 ms, found 3 plugins.
Preloading 0 native plugins for Editor in 0.00 ms.
Unloading 2192 Unused Serialized files (Serialized files now loaded: 0)
System memory in use before: 99.9 MB.
System memory in use after: 100.0 MB.

Unloading 26 unused Assets to reduce memory usage. Loaded Objects now: 2633.
Total: 2.873200 ms (FindLiveObjects: 0.155400 ms CreateObjectMapping: 0.067200 ms MarkObjects: 2.585500 ms  DeleteObjects: 0.064600 ms)

AssetImportParameters requested are different than current active one (requested -> active):
  custom:framework-win-MediaFoundation: 216162199b28c13a410421893ffa2e32 -> 
  custom:video-decoder-ogg-theora: a1e56fd34408186e4bbccfd4996cb3dc -> 
  custom:container-muxer-webm: aa71ff27fc2769a1b78a27578f13a17b -> 
  custom:container-demuxer-webm: 4f35f7cbe854078d1ac9338744f61a02 -> 
  custom:container-demuxer-ogg: 62fdf1f143b41e24485cea50d1cbac27 -> 
  custom:video-encoder-webm-vp8: eb34c28f22e8b96e1ab97ce403110664 -> 
  custom:video-codec-MediaFoundation-h265: 746d11721c4dcdbdad8f713fa42b33f4 -> 
  custom:video-decoder-webm-vp8: 9c59270c3fd7afecdb556c50c9e8de78 -> 
  custom:audio-decoder-ogg-vorbis: bf7c407c2cedff20999df2af8eb42d56 -> 
  custom:audio-encoder-webm-vorbis: bf7c407c2cedff20999df2af8eb42d56 -> 
========================================================================
Received Import Request.
  path: Assets/Prefabs/LightBandit_0.prefab
  artifactKey: Guid(669298bdd27751d43a4cdc7fd79113be) Importer(815301076,1909f56bfc062723c751e8b465ee728b)
Start importing Assets/Prefabs/LightBandit_0.prefab using Guid(669298bdd27751d43a4cdc7fd79113be) Importer(815301076,1909f56bfc062723c751e8b465ee728b)  -> (artifact id: '5f6bb146d0cad94bf57d24bb9ab7bcce') in 0.130074 seconds 
========================================================================
Received Import Request.
  Time since last request: 0.000331 seconds.
  path: Assets/Prefabs/HeroKnight_0.prefab
  artifactKey: Guid(85aedef2253ad0b46aef69e417d768d9) Importer(815301076,1909f56bfc062723c751e8b465ee728b)
Start importing Assets/Prefabs/HeroKnight_0.prefab using Guid(85aedef2253ad0b46aef69e417d768d9) Importer(815301076,1909f56bfc062723c751e8b465ee728b)  -> (artifact id: 'aff44b40b481106cb8fc18ce57e352da') in 0.024933 seconds 
========================================================================
Received Import Request.
  Time since last request: 0.000288 seconds.
  path: Assets/Bandits - Pixel Art/Demo/HeavyBandit.prefab
  artifactKey: Guid(3248535f6a2562c489a1223a75951ef2) Importer(815301076,1909f56bfc062723c751e8b465ee728b)
Start importing Assets/Bandits - Pixel Art/Demo/HeavyBandit.prefab using Guid(3248535f6a2562c489a1223a75951ef2) Importer(815301076,1909f56bfc062723c751e8b465ee728b)  -> (artifact id: 'dbffd1b6eb36a4430be8011b5f0426db') in 0.029661 seconds 
========================================================================
Received Import Request.
  Time since last request: 0.000222 seconds.
  path: Assets/Bandits - Pixel Art/Demo/LightBandit.prefab
  artifactKey: Guid(2e2183501755a214591e802f3aff33d2) Importer(815301076,1909f56bfc062723c751e8b465ee728b)
Start importing Assets/Bandits - Pixel Art/Demo/LightBandit.prefab using Guid(2e2183501755a214591e802f3aff33d2) Importer(815301076,1909f56bfc062723c751e8b465ee728b)  -> (artifact id: '114467c720a351c3245ce8af829a9bf2') in 0.018508 seconds 
========================================================================
Received Import Request.
  Time since last request: 19.296862 seconds.
  path: Assets/Audio
  artifactKey: Guid(e1a45ac844bf956459621c490cd83d95) Importer(815301076,1909f56bfc062723c751e8b465ee728b)
Start importing Assets/Audio using Guid(e1a45ac844bf956459621c490cd83d95) Importer(815301076,1909f56bfc062723c751e8b465ee728b)  -> (artifact id: 'af3cda057cb0bb2c7fcb43fc4a2310ab') in 0.020757 seconds 
========================================================================
Received Import Request.
  Time since last request: 0.075045 seconds.
  path: Assets/Audio/2D MUSIC LOOP.wav
  artifactKey: Guid(e406c04157c663a43b859646b7ad3c2a) Importer(815301076,1909f56bfc062723c751e8b465ee728b)
Start importing Assets/Audio/2D MUSIC LOOP.wav using Guid(e406c04157c663a43b859646b7ad3c2a) Importer(815301076,1909f56bfc062723c751e8b465ee728b)  -> (artifact id: '2077188d0d35c608a137f25f1dd09cc5') in 0.067162 seconds 
========================================================================
Received Import Request.
  Time since last request: 0.000208 seconds.
  path: Assets/Audio/Hit for enemy 2.wav
  artifactKey: Guid(709a835b61b848644946696fdd5e5a4d) Importer(815301076,1909f56bfc062723c751e8b465ee728b)
Start importing Assets/Audio/Hit for enemy 2.wav using Guid(709a835b61b848644946696fdd5e5a4d) Importer(815301076,1909f56bfc062723c751e8b465ee728b)  -> (artifact id: 'bae79d475201a9e6c959e7bd1e9d2a5c') in 0.019143 seconds 
========================================================================
Received Import Request.
  Time since last request: 0.000196 seconds.
  path: Assets/Audio/Hit for enemy 1.wav
  artifactKey: Guid(ae904c7305df7344d86b2092c0cb3a26) Importer(815301076,1909f56bfc062723c751e8b465ee728b)
Start importing Assets/Audio/Hit for enemy 1.wav using Guid(ae904c7305df7344d86b2092c0cb3a26) Importer(815301076,1909f56bfc062723c751e8b465ee728b)  -> (artifact id: 'd1b8482c1b014791cab7be8607783e00') in 0.015417 seconds 
========================================================================
Received Import Request.
  Time since last request: 0.000213 seconds.
  path: Assets/Audio/Footsteps2a.wav
  artifactKey: Guid(a20c77ecd5de9eb4a98731b45ad84c3e) Importer(815301076,1909f56bfc062723c751e8b465ee728b)
Start importing Assets/Audio/Footsteps2a.wav using Guid(a20c77ecd5de9eb4a98731b45ad84c3e) Importer(815301076,1909f56bfc062723c751e8b465ee728b)  -> (artifact id: 'ec4114c08ca62f0438743a345ad6a802') in 0.015529 seconds 
========================================================================
Received Import Request.
  Time since last request: 0.000214 seconds.
  path: Assets/Audio/Collectable.wav
  artifactKey: Guid(af5f8b64e3f58f24c87ff8f789b04f6c) Importer(815301076,1909f56bfc062723c751e8b465ee728b)
Start importing Assets/Audio/Collectable.wav using Guid(af5f8b64e3f58f24c87ff8f789b04f6c) Importer(815301076,1909f56bfc062723c751e8b465ee728b)  -> (artifact id: '2c1b7c2bf256bd2c22fdd47c1a88f065') in 0.011003 seconds 
========================================================================
Received Import Request.
  Time since last request: 0.000270 seconds.
  path: Assets/Audio/Robot Fixed.wav
  artifactKey: Guid(e7fa1971a86d60945bb64585c0ac14d5) Importer(815301076,1909f56bfc062723c751e8b465ee728b)
Start importing Assets/Audio/Robot Fixed.wav using Guid(e7fa1971a86d60945bb64585c0ac14d5) Importer(815301076,1909f56bfc062723c751e8b465ee728b)  -> (artifact id: 'b0f543d931514fe435c6ca33cfe96fc4') in 0.013548 seconds 
========================================================================
Received Import Request.
  Time since last request: 0.000332 seconds.
  path: Assets/Audio/Player Hit.wav
  artifactKey: Guid(9b1bb1f450b7d444fa4a8019d13519a7) Importer(815301076,1909f56bfc062723c751e8b465ee728b)
Start importing Assets/Audio/Player Hit.wav using Guid(9b1bb1f450b7d444fa4a8019d13519a7) Importer(815301076,1909f56bfc062723c751e8b465ee728b)  -> (artifact id: 'dbf115755ea15c0be5035df6be0b356c') in 0.013284 seconds 
========================================================================
Received Import Request.
  Time since last request: 0.000297 seconds.
  path: Assets/Audio/Quest Complete.wav
  artifactKey: Guid(f987bfc0b774d3f4e82dc47e91f78584) Importer(815301076,1909f56bfc062723c751e8b465ee728b)
Start importing Assets/Audio/Quest Complete.wav using Guid(f987bfc0b774d3f4e82dc47e91f78584) Importer(815301076,1909f56bfc062723c751e8b465ee728b)  -> (artifact id: 'f0846413c6b008a6b902a179d030b92a') in 0.012608 seconds 
========================================================================
Received Import Request.
  Time since last request: 0.000227 seconds.
  path: Assets/Audio/Robot Walking_Broken.wav
  artifactKey: Guid(6bfbad8ffdf387d4e87e8fa07b62f7c1) Importer(815301076,1909f56bfc062723c751e8b465ee728b)
Start importing Assets/Audio/Robot Walking_Broken.wav using Guid(6bfbad8ffdf387d4e87e8fa07b62f7c1) Importer(815301076,1909f56bfc062723c751e8b465ee728b)  -> (artifact id: 'dbfa0ace83d0fe2fbfe81a2361cb110b') in 0.013538 seconds 
========================================================================
Received Import Request.
  Time since last request: 0.000271 seconds.
  path: Assets/Audio/Throw Cog.wav
  artifactKey: Guid(b2edfd40873655249ba0e01a5cf705be) Importer(815301076,1909f56bfc062723c751e8b465ee728b)
Start importing Assets/Audio/Throw Cog.wav using Guid(b2edfd40873655249ba0e01a5cf705be) Importer(815301076,1909f56bfc062723c751e8b465ee728b)  -> (artifact id: 'b9ad1b9f182cf6f31112b74fa2804993') in 0.014086 seconds 
========================================================================
Received Prepare
Refreshing native plugins compatible for Editor in 3.25 ms, found 3 plugins.
Preloading 0 native plugins for Editor in 0.00 ms.
Unloading 12 Unused Serialized files (Serialized files now loaded: 0)
System memory in use before: 58.9 MB.
System memory in use after: 59.0 MB.

Unloading 12 unused Assets to reduce memory usage. Loaded Objects now: 2643.
Total: 4.648600 ms (FindLiveObjects: 0.186100 ms CreateObjectMapping: 0.071500 ms MarkObjects: 4.369500 ms  DeleteObjects: 0.020800 ms)

AssetImportParameters requested are different than current active one (requested -> active):
  custom:framework-win-MediaFoundation: 216162199b28c13a410421893ffa2e32 -> 
  custom:video-decoder-ogg-theora: a1e56fd34408186e4bbccfd4996cb3dc -> 
  custom:container-muxer-webm: aa71ff27fc2769a1b78a27578f13a17b -> 
  custom:container-demuxer-webm: 4f35f7cbe854078d1ac9338744f61a02 -> 
  custom:container-demuxer-ogg: 62fdf1f143b41e24485cea50d1cbac27 -> 
  custom:video-encoder-webm-vp8: eb34c28f22e8b96e1ab97ce403110664 -> 
  custom:video-codec-MediaFoundation-h265: 746d11721c4dcdbdad8f713fa42b33f4 -> 
  custom:video-decoder-webm-vp8: 9c59270c3fd7afecdb556c50c9e8de78 -> 
  custom:audio-decoder-ogg-vorbis: bf7c407c2cedff20999df2af8eb42d56 -> 
  custom:audio-encoder-webm-vorbis: bf7c407c2cedff20999df2af8eb42d56 -> 
========================================================================
Received Import Request.
  Time since last request: 503.049080 seconds.
  path: Assets/Fantasy Sfx/Wav/Ambience_Cave_00.wav
  artifactKey: Guid(f74396619b7154fa5a38a1959cfa67ae) Importer(815301076,1909f56bfc062723c751e8b465ee728b)
Start importing Assets/Fantasy Sfx/Wav/Ambience_Cave_00.wav using Guid(f74396619b7154fa5a38a1959cfa67ae) Importer(815301076,1909f56bfc062723c751e8b465ee728b)  -> (artifact id: 'c6ba7b0899c30297ee89c58e9318725e') in 0.064256 seconds 
========================================================================
Received Import Request.
  Time since last request: 0.000217 seconds.
  path: Assets/Fantasy Sfx/Wav/Inventory_Open_01.wav
  artifactKey: Guid(914a4a2a124d040df96bf13308aadc2e) Importer(815301076,1909f56bfc062723c751e8b465ee728b)
Start importing Assets/Fantasy Sfx/Wav/Inventory_Open_01.wav using Guid(914a4a2a124d040df96bf13308aadc2e) Importer(815301076,1909f56bfc062723c751e8b465ee728b)  -> (artifact id: '8519b100a9331f80b0a9230ded3d7130') in 0.011407 seconds 
========================================================================
Received Import Request.
  Time since last request: 0.000209 seconds.
  path: Assets/Fantasy Sfx/Wav/Jingle_Achievement_00.wav
  artifactKey: Guid(c0cabce778ad54792bba3a0ca6765417) Importer(815301076,1909f56bfc062723c751e8b465ee728b)
Start importing Assets/Fantasy Sfx/Wav/Jingle_Achievement_00.wav using Guid(c0cabce778ad54792bba3a0ca6765417) Importer(815301076,1909f56bfc062723c751e8b465ee728b)  -> (artifact id: '86ad7ed5c4fdf6cc93531ab810477b1c') in 0.011786 seconds 
========================================================================
Received Import Request.
  Time since last request: 0.000223 seconds.
  path: Assets/Fantasy Sfx/Wav/Footsteps/Footstep_Dirt_07.wav
  artifactKey: Guid(c1eac1c698fc84605adb7e1074fd7d34) Importer(815301076,1909f56bfc062723c751e8b465ee728b)
Start importing Assets/Fantasy Sfx/Wav/Footsteps/Footstep_Dirt_07.wav using Guid(c1eac1c698fc84605adb7e1074fd7d34) Importer(815301076,1909f56bfc062723c751e8b465ee728b)  -> (artifact id: 'e4327052c93ecdb6e8b0c60754214d24') in 0.012771 seconds 
========================================================================
Received Import Request.
  Time since last request: 0.000207 seconds.
  path: Assets/Fantasy Sfx/Wav/Dragon_Growl_01.wav
  artifactKey: Guid(4e9a429b5c00f4f2e8234fe5835fef69) Importer(815301076,1909f56bfc062723c751e8b465ee728b)
Start importing Assets/Fantasy Sfx/Wav/Dragon_Growl_01.wav using Guid(4e9a429b5c00f4f2e8234fe5835fef69) Importer(815301076,1909f56bfc062723c751e8b465ee728b)  -> (artifact id: '7484353ed615604b3e058323fb6c6c1d') in 0.014210 seconds 
========================================================================
Received Import Request.
  Time since last request: 0.000208 seconds.
  path: Assets/Fantasy Sfx/Mp3/Pickup_Gold_01.mp3
  artifactKey: Guid(a3260b6f2f81b443c9a50a4222b21f64) Importer(815301076,1909f56bfc062723c751e8b465ee728b)
Start importing Assets/Fantasy Sfx/Mp3/Pickup_Gold_01.mp3 using Guid(a3260b6f2f81b443c9a50a4222b21f64) Importer(815301076,1909f56bfc062723c751e8b465ee728b)  -> (artifact id: '60ef552ccbd511dfd86cc694f8d6e62b') in 0.016575 seconds 
========================================================================
Received Import Request.
  Time since last request: 0.000213 seconds.
  path: Assets/Fantasy Sfx/Wav/Jingle_Win_00.wav
  artifactKey: Guid(9b1cde0c2a6be405ba097772a687b5ae) Importer(815301076,1909f56bfc062723c751e8b465ee728b)
Start importing Assets/Fantasy Sfx/Wav/Jingle_Win_00.wav using Guid(9b1cde0c2a6be405ba097772a687b5ae) Importer(815301076,1909f56bfc062723c751e8b465ee728b)  -> (artifact id: '7e90c7343606e08318daef27f4fb57a5') in 0.010801 seconds 
========================================================================
Received Import Request.
  Time since last request: 0.000190 seconds.
  path: Assets/Fantasy Sfx/Mp3/Footsteps/Footstep_Dirt_06.mp3
  artifactKey: Guid(dd1266cc97b6b4a38a280331273cb1ed) Importer(815301076,1909f56bfc062723c751e8b465ee728b)
Start importing Assets/Fantasy Sfx/Mp3/Footsteps/Footstep_Dirt_06.mp3 using Guid(dd1266cc97b6b4a38a280331273cb1ed) Importer(815301076,1909f56bfc062723c751e8b465ee728b)  -> (artifact id: '142a4f30213525ccc3c92dc2a502cf21') in 0.013242 seconds 
========================================================================
Received Import Request.
  Time since last request: 0.000216 seconds.
  path: Assets/Fantasy Sfx/Wav/Goblin_03.wav
  artifactKey: Guid(f32d44a6bdb854aa5b10a83f60a507ab) Importer(815301076,1909f56bfc062723c751e8b465ee728b)
Start importing Assets/Fantasy Sfx/Wav/Goblin_03.wav using Guid(f32d44a6bdb854aa5b10a83f60a507ab) Importer(815301076,1909f56bfc062723c751e8b465ee728b)  -> (artifact id: '67e94c17f3a382f7637f7b4a72644acf') in 0.018218 seconds 
========================================================================
Received Import Request.
  Time since last request: 0.000192 seconds.
  path: Assets/Fantasy Sfx/Wav/Footsteps/Footstep_Water_00.wav
  artifactKey: Guid(f19e74cad832142c99ce7fdf008daa40) Importer(815301076,1909f56bfc062723c751e8b465ee728b)
Start importing Assets/Fantasy Sfx/Wav/Footsteps/Footstep_Water_00.wav using Guid(f19e74cad832142c99ce7fdf008daa40) Importer(815301076,1909f56bfc062723c751e8b465ee728b)  -> (artifact id: 'd94d815895a22acb1dfe7afdc856f88e') in 0.013154 seconds 
========================================================================
Received Import Request.
  Time since last request: 0.000232 seconds.
  path: Assets/Fantasy Sfx/Wav/Footsteps/Footstep_Water_02.wav
  artifactKey: Guid(6872581769a9947e1852589a47dad7aa) Importer(815301076,1909f56bfc062723c751e8b465ee728b)
Start importing Assets/Fantasy Sfx/Wav/Footsteps/Footstep_Water_02.wav using Guid(6872581769a9947e1852589a47dad7aa) Importer(815301076,1909f56bfc062723c751e8b465ee728b)  -> (artifact id: '237dc589918f2276a2485a39e1248006') in 0.010970 seconds 
========================================================================
Received Import Request.
  Time since last request: 0.000186 seconds.
  path: Assets/Fantasy Sfx/Wav/Jingle_Lose_00.wav
  artifactKey: Guid(2135b07382ab043e3a8947ca810d9bfa) Importer(815301076,1909f56bfc062723c751e8b465ee728b)
Start importing Assets/Fantasy Sfx/Wav/Jingle_Lose_00.wav using Guid(2135b07382ab043e3a8947ca810d9bfa) Importer(815301076,1909f56bfc062723c751e8b465ee728b)  -> (artifact id: '4b3348924ee5c501004dad38dc5913bd') in 0.013548 seconds 
========================================================================
Received Import Request.
  Time since last request: 0.000170 seconds.
  path: Assets/Fantasy Sfx/Wav/Goblin_04.wav
  artifactKey: Guid(b1e15b00e5c084b14b2fee5b2f708e7d) Importer(815301076,1909f56bfc062723c751e8b465ee728b)
Start importing Assets/Fantasy Sfx/Wav/Goblin_04.wav using Guid(b1e15b00e5c084b14b2fee5b2f708e7d) Importer(815301076,1909f56bfc062723c751e8b465ee728b)  -> (artifact id: 'c96cbf779fc6f8e182f947ba86f022ea') in 0.015209 seconds 
========================================================================
Received Import Request.
  Time since last request: 0.000202 seconds.
  path: Assets/Fantasy Sfx/Wav/Footsteps/Footstep_Dirt_04.wav
  artifactKey: Guid(f7bff2a24d7d64eb296a8133060bd3e9) Importer(815301076,1909f56bfc062723c751e8b465ee728b)
Start importing Assets/Fantasy Sfx/Wav/Footsteps/Footstep_Dirt_04.wav using Guid(f7bff2a24d7d64eb296a8133060bd3e9) Importer(815301076,1909f56bfc062723c751e8b465ee728b)  -> (artifact id: 'd8848610846a0564c4de6d93ca11621c') in 0.011057 seconds 
========================================================================
Received Import Request.
  Time since last request: 0.000193 seconds.
  path: Assets/Fantasy Sfx/Mp3/Footsteps/Footstep_Dirt_05.mp3
  artifactKey: Guid(23684c2373aa34787b0d7b3349bdd2e6) Importer(815301076,1909f56bfc062723c751e8b465ee728b)
Start importing Assets/Fantasy Sfx/Mp3/Footsteps/Footstep_Dirt_05.mp3 using Guid(23684c2373aa34787b0d7b3349bdd2e6) Importer(815301076,1909f56bfc062723c751e8b465ee728b)  -> (artifact id: '8a3b4e5214ae7af0d68a8452f5ff7d9d') in 0.012737 seconds 
========================================================================
Received Import Request.
  Time since last request: 0.000243 seconds.
  path: Assets/Fantasy Sfx/Mp3/Footsteps/Footstep_Water_07.mp3
  artifactKey: Guid(c4c95fd958444446aacca5c7a33ba1a7) Importer(815301076,1909f56bfc062723c751e8b465ee728b)
Start importing Assets/Fantasy Sfx/Mp3/Footsteps/Footstep_Water_07.mp3 using Guid(c4c95fd958444446aacca5c7a33ba1a7) Importer(815301076,1909f56bfc062723c751e8b465ee728b)  -> (artifact id: 'd369d6ab9d4958a247c8a7cc8ff38bb7') in 0.015397 seconds 
========================================================================
Received Import Request.
  Time since last request: 0.000190 seconds.
  path: Assets/Fantasy Sfx/Wav/Footsteps/Footstep_Water_07.wav
  artifactKey: Guid(ddc836e71a287472f84ae230e7382010) Importer(815301076,1909f56bfc062723c751e8b465ee728b)
Start importing Assets/Fantasy Sfx/Wav/Footsteps/Footstep_Water_07.wav using Guid(ddc836e71a287472f84ae230e7382010) Importer(815301076,1909f56bfc062723c751e8b465ee728b)  -> (artifact id: '41f4f5b1063891d224ae9395cc80a780') in 0.012770 seconds 
========================================================================
Received Import Request.
  Time since last request: 0.000318 seconds.
  path: Assets/Fantasy Sfx/Mp3/Footsteps/Footstep_Water_04.mp3
  artifactKey: Guid(273eb9554375f4ebb9e87931ec8335a0) Importer(815301076,1909f56bfc062723c751e8b465ee728b)
Start importing Assets/Fantasy Sfx/Mp3/Footsteps/Footstep_Water_04.mp3 using Guid(273eb9554375f4ebb9e87931ec8335a0) Importer(815301076,1909f56bfc062723c751e8b465ee728b)  -> (artifact id: '70640ea8d28c3c76bc87c73bdeb0e5e7') in 0.015533 seconds 
========================================================================
Received Import Request.
  Time since last request: 0.000217 seconds.
  path: Assets/Fantasy Sfx/Mp3/Inventory_Open_01.mp3
  artifactKey: Guid(b7db7ff580d9848ed8f011953f466b66) Importer(815301076,1909f56bfc062723c751e8b465ee728b)
Start importing Assets/Fantasy Sfx/Mp3/Inventory_Open_01.mp3 using Guid(b7db7ff580d9848ed8f011953f466b66) Importer(815301076,1909f56bfc062723c751e8b465ee728b)  -> (artifact id: 'de936b5a04fc37c3251723a883f272d2') in 0.012013 seconds 
========================================================================
Received Import Request.
  Time since last request: 0.000190 seconds.
  path: Assets/Fantasy Sfx/Wav/Footsteps/Footstep_Water_01.wav
  artifactKey: Guid(a132f7ad8ef0645d28a3e3d3a6adee44) Importer(815301076,1909f56bfc062723c751e8b465ee728b)
Start importing Assets/Fantasy Sfx/Wav/Footsteps/Footstep_Water_01.wav using Guid(a132f7ad8ef0645d28a3e3d3a6adee44) Importer(815301076,1909f56bfc062723c751e8b465ee728b)  -> (artifact id: '40f7f7da8102c2928a999196aad44946') in 0.013630 seconds 
========================================================================
Received Import Request.
  Time since last request: 0.000225 seconds.
  path: Assets/Fantasy Sfx/Wav/Footsteps/Footstep_Dirt_01.wav
  artifactKey: Guid(bc1c11a60c94e439d84d64c56fdd354f) Importer(815301076,1909f56bfc062723c751e8b465ee728b)
Start importing Assets/Fantasy Sfx/Wav/Footsteps/Footstep_Dirt_01.wav using Guid(bc1c11a60c94e439d84d64c56fdd354f) Importer(815301076,1909f56bfc062723c751e8b465ee728b)  -> (artifact id: '25f26954c6604a6b59e078eded1b55e6') in 0.014148 seconds 
========================================================================
Received Import Request.
  Time since last request: 0.000273 seconds.
  path: Assets/Fantasy Sfx/Wav/Footsteps/Footstep_Water_04.wav
  artifactKey: Guid(c571fcbafd2224c98958747fe04a265f) Importer(815301076,1909f56bfc062723c751e8b465ee728b)
Start importing Assets/Fantasy Sfx/Wav/Footsteps/Footstep_Water_04.wav using Guid(c571fcbafd2224c98958747fe04a265f) Importer(815301076,1909f56bfc062723c751e8b465ee728b)  -> (artifact id: '80bc7516478880d56e2e674ffd3ae9f6') in 0.013591 seconds 
========================================================================
Received Import Request.
  Time since last request: 0.000229 seconds.
  path: Assets/Fantasy Sfx/Wav/Pickup_Gold_04.wav
  artifactKey: Guid(6663bacc2a6d846cda16feed5740b544) Importer(815301076,1909f56bfc062723c751e8b465ee728b)
Start importing Assets/Fantasy Sfx/Wav/Pickup_Gold_04.wav using Guid(6663bacc2a6d846cda16feed5740b544) Importer(815301076,1909f56bfc062723c751e8b465ee728b)  -> (artifact id: 'e658ba5d5dcc440cf18e39ae5ed7e0e1') in 0.014238 seconds 
========================================================================
Received Import Request.
  Time since last request: 0.000216 seconds.
  path: Assets/Fantasy Sfx/Mp3/Goblin_01.mp3
  artifactKey: Guid(3a20c1f2fd4d44c4d9a6fabbec93be20) Importer(815301076,1909f56bfc062723c751e8b465ee728b)
Start importing Assets/Fantasy Sfx/Mp3/Goblin_01.mp3 using Guid(3a20c1f2fd4d44c4d9a6fabbec93be20) Importer(815301076,1909f56bfc062723c751e8b465ee728b)  -> (artifact id: '6391636631e3fbd519f3ccff1f549d30') in 0.015882 seconds 
========================================================================
Received Import Request.
  Time since last request: 0.000246 seconds.
  path: Assets/Fantasy Sfx/Wav/Footsteps/Footstep_Dirt_02.wav
  artifactKey: Guid(64049f336db3d403dabd0425eb159922) Importer(815301076,1909f56bfc062723c751e8b465ee728b)
Start importing Assets/Fantasy Sfx/Wav/Footsteps/Footstep_Dirt_02.wav using Guid(64049f336db3d403dabd0425eb159922) Importer(815301076,1909f56bfc062723c751e8b465ee728b)  -> (artifact id: '8e18b788ed7e1c9f6c21cb9fc182d78e') in 0.011118 seconds 
========================================================================
Received Import Request.
  Time since last request: 0.000258 seconds.
  path: Assets/Fantasy Sfx/Mp3/Footsteps/Footstep_Dirt_03.mp3
  artifactKey: Guid(f65c4ff197551410b9f70b804410c961) Importer(815301076,1909f56bfc062723c751e8b465ee728b)
Start importing Assets/Fantasy Sfx/Mp3/Footsteps/Footstep_Dirt_03.mp3 using Guid(f65c4ff197551410b9f70b804410c961) Importer(815301076,1909f56bfc062723c751e8b465ee728b)  -> (artifact id: '22f225ab589b5b457b2a1dfcda770493') in 0.013850 seconds 
========================================================================
Received Import Request.
  Time since last request: 0.000285 seconds.
  path: Assets/Fantasy Sfx/Wav/Footsteps/Footstep_Dirt_08.wav
  artifactKey: Guid(f54a7e8aabfc8436b965149db8156132) Importer(815301076,1909f56bfc062723c751e8b465ee728b)
Start importing Assets/Fantasy Sfx/Wav/Footsteps/Footstep_Dirt_08.wav using Guid(f54a7e8aabfc8436b965149db8156132) Importer(815301076,1909f56bfc062723c751e8b465ee728b)  -> (artifact id: '9f9c05c47ff90d9313feed69e23c4455') in 0.012301 seconds 
========================================================================
Received Import Request.
  Time since last request: 0.000229 seconds.
  path: Assets/Fantasy Sfx/Wav/Footsteps/Footstep_Dirt_09.wav
  artifactKey: Guid(3a06a27039e144e5c853a93d408fd63a) Importer(815301076,1909f56bfc062723c751e8b465ee728b)
Start importing Assets/Fantasy Sfx/Wav/Footsteps/Footstep_Dirt_09.wav using Guid(3a06a27039e144e5c853a93d408fd63a) Importer(815301076,1909f56bfc062723c751e8b465ee728b)  -> (artifact id: '956a968653aab74dd2e784794ebf768b') in 0.016601 seconds 
========================================================================
Received Import Request.
  Time since last request: 0.000244 seconds.
  path: Assets/Fantasy Sfx/Mp3/Footsteps/Footstep_Water_02.mp3
  artifactKey: Guid(3d466a540cab840049f3a6d6d885a4b5) Importer(815301076,1909f56bfc062723c751e8b465ee728b)
Start importing Assets/Fantasy Sfx/Mp3/Footsteps/Footstep_Water_02.mp3 using Guid(3d466a540cab840049f3a6d6d885a4b5) Importer(815301076,1909f56bfc062723c751e8b465ee728b)  -> (artifact id: '48661d56316bb4f7cfab78536d118ab7') in 0.014108 seconds 
========================================================================
Received Import Request.
  Time since last request: 0.000238 seconds.
  path: Assets/Fantasy Sfx/Mp3/Footsteps/Footstep_Dirt_09.mp3
  artifactKey: Guid(a476e34385a8f43f5a7cd7280badc54f) Importer(815301076,1909f56bfc062723c751e8b465ee728b)
Start importing Assets/Fantasy Sfx/Mp3/Footsteps/Footstep_Dirt_09.mp3 using Guid(a476e34385a8f43f5a7cd7280badc54f) Importer(815301076,1909f56bfc062723c751e8b465ee728b)  -> (artifact id: 'e8c61c01f949b9336f89b506cf244521') in 0.011527 seconds 
========================================================================
Received Import Request.
  Time since last request: 0.000275 seconds.
  path: Assets/Fantasy Sfx/Wav/Footsteps/Footstep_Water_06.wav
  artifactKey: Guid(45a5e778890d448db9da5c7dc4a72a05) Importer(815301076,1909f56bfc062723c751e8b465ee728b)
Start importing Assets/Fantasy Sfx/Wav/Footsteps/Footstep_Water_06.wav using Guid(45a5e778890d448db9da5c7dc4a72a05) Importer(815301076,1909f56bfc062723c751e8b465ee728b)  -> (artifact id: '851e6c27dd1621b5244ec0b91aceb623') in 0.011877 seconds 
========================================================================
Received Import Request.
  Time since last request: 0.000171 seconds.
  path: Assets/Fantasy Sfx/Mp3/Jingle_Win_00.mp3
  artifactKey: Guid(14e15f75ff87846e18aa9ba0845c8a96) Importer(815301076,1909f56bfc062723c751e8b465ee728b)
Start importing Assets/Fantasy Sfx/Mp3/Jingle_Win_00.mp3 using Guid(14e15f75ff87846e18aa9ba0845c8a96) Importer(815301076,1909f56bfc062723c751e8b465ee728b)  -> (artifact id: '1a86e1f7ac411445914592e5d5f437d9') in 0.013257 seconds 
========================================================================
Received Import Request.
  Time since last request: 0.000246 seconds.
  path: Assets/Fantasy Sfx/Mp3/Inventory_Open_00.mp3
  artifactKey: Guid(d73b73743ea434d9b98c5c0b04b51e3a) Importer(815301076,1909f56bfc062723c751e8b465ee728b)
Start importing Assets/Fantasy Sfx/Mp3/Inventory_Open_00.mp3 using Guid(d73b73743ea434d9b98c5c0b04b51e3a) Importer(815301076,1909f56bfc062723c751e8b465ee728b)  -> (artifact id: '4e510c670302681ae3a91ca478fc3add') in 0.013960 seconds 
========================================================================
Received Import Request.
  Time since last request: 0.000261 seconds.
  path: Assets/Fantasy Sfx/Wav/Goblin_01.wav
  artifactKey: Guid(c118d1cdc5f634c28bfb87ef52703522) Importer(815301076,1909f56bfc062723c751e8b465ee728b)
Start importing Assets/Fantasy Sfx/Wav/Goblin_01.wav using Guid(c118d1cdc5f634c28bfb87ef52703522) Importer(815301076,1909f56bfc062723c751e8b465ee728b)  -> (artifact id: '396806b753a2c54a7b035f71f3e45463') in 0.012919 seconds 
========================================================================
Received Import Request.
  Time since last request: 0.000216 seconds.
  path: Assets/Fantasy Sfx/Mp3/Spell_00.mp3
  artifactKey: Guid(a2ae90e42daaf4723a539c25867d37fd) Importer(815301076,1909f56bfc062723c751e8b465ee728b)
Start importing Assets/Fantasy Sfx/Mp3/Spell_00.mp3 using Guid(a2ae90e42daaf4723a539c25867d37fd) Importer(815301076,1909f56bfc062723c751e8b465ee728b)  -> (artifact id: '0cb0a88b4fdbac958da3ebd84ff54c1b') in 0.014207 seconds 
========================================================================
Received Import Request.
  Time since last request: 0.000294 seconds.
  path: Assets/Fantasy Sfx/Mp3/Pickup_Gold_04.mp3
  artifactKey: Guid(a11f29b8ca24247b0bcb1fb9d4169b4b) Importer(815301076,1909f56bfc062723c751e8b465ee728b)
Start importing Assets/Fantasy Sfx/Mp3/Pickup_Gold_04.mp3 using Guid(a11f29b8ca24247b0bcb1fb9d4169b4b) Importer(815301076,1909f56bfc062723c751e8b465ee728b)  -> (artifact id: '8ce4729f7c28c105fcf2b8e69e149751') in 0.012320 seconds 
========================================================================
Received Import Request.
  Time since last request: 0.000185 seconds.
  path: Assets/Fantasy Sfx/Wav/Dragon_Growl_00.wav
  artifactKey: Guid(bf5d4102f62c644aa91a146267aaf815) Importer(815301076,1909f56bfc062723c751e8b465ee728b)
Start importing Assets/Fantasy Sfx/Wav/Dragon_Growl_00.wav using Guid(bf5d4102f62c644aa91a146267aaf815) Importer(815301076,1909f56bfc062723c751e8b465ee728b)  -> (artifact id: '59c7cb627fc7a383a9f68d343dc9fc3d') in 0.013235 seconds 
========================================================================
Received Import Request.
  Time since last request: 0.000185 seconds.
  path: Assets/Fantasy Sfx/Mp3/Pickup_Gold_00.mp3
  artifactKey: Guid(0f579092c76764d8e8df04853e9a2c13) Importer(815301076,1909f56bfc062723c751e8b465ee728b)
Start importing Assets/Fantasy Sfx/Mp3/Pickup_Gold_00.mp3 using Guid(0f579092c76764d8e8df04853e9a2c13) Importer(815301076,1909f56bfc062723c751e8b465ee728b)  -> (artifact id: '6fa3c98640071244a2cdb83176bcd722') in 0.015666 seconds 
========================================================================
Received Import Request.
  Time since last request: 0.000192 seconds.
  path: Assets/Fantasy Sfx/Mp3/Jingle_Achievement_00.mp3
  artifactKey: Guid(aa348f776c7354f36917fef10c6b48d1) Importer(815301076,1909f56bfc062723c751e8b465ee728b)
Start importing Assets/Fantasy Sfx/Mp3/Jingle_Achievement_00.mp3 using Guid(aa348f776c7354f36917fef10c6b48d1) Importer(815301076,1909f56bfc062723c751e8b465ee728b)  -> (artifact id: '3d2690849206fbd80b9d25c7a384655a') in 0.015454 seconds 
========================================================================
Received Import Request.
  Time since last request: 0.000242 seconds.
  path: Assets/Fantasy Sfx/Mp3/Footsteps/Footstep_Water_03.mp3
  artifactKey: Guid(82c7ec065b4f1479c85a5c2d51e4e313) Importer(815301076,1909f56bfc062723c751e8b465ee728b)
Start importing Assets/Fantasy Sfx/Mp3/Footsteps/Footstep_Water_03.mp3 using Guid(82c7ec065b4f1479c85a5c2d51e4e313) Importer(815301076,1909f56bfc062723c751e8b465ee728b)  -> (artifact id: 'efa0939373f7d4828d0c46d4e978bb4c') in 0.011114 seconds 
========================================================================
Received Import Request.
  Time since last request: 0.000206 seconds.
  path: Assets/Fantasy Sfx/Mp3/Footsteps/Footstep_Dirt_00.mp3
  artifactKey: Guid(22b5b26c3429f42c482afafb562afc2a) Importer(815301076,1909f56bfc062723c751e8b465ee728b)
Start importing Assets/Fantasy Sfx/Mp3/Footsteps/Footstep_Dirt_00.mp3 using Guid(22b5b26c3429f42c482afafb562afc2a) Importer(815301076,1909f56bfc062723c751e8b465ee728b)  -> (artifact id: 'eb2304058c9db6385fcdc4a009273a36') in 0.012812 seconds 
========================================================================
Received Import Request.
  Time since last request: 0.000227 seconds.
  path: Assets/Fantasy Sfx/Mp3/Footsteps/Footstep_Dirt_01.mp3
  artifactKey: Guid(a948133482bd9461cbcb85c1b36c59b7) Importer(815301076,1909f56bfc062723c751e8b465ee728b)
Start importing Assets/Fantasy Sfx/Mp3/Footsteps/Footstep_Dirt_01.mp3 using Guid(a948133482bd9461cbcb85c1b36c59b7) Importer(815301076,1909f56bfc062723c751e8b465ee728b)  -> (artifact id: '019ae74b207a9f033cfa6162dfb4fb28') in 0.013086 seconds 
========================================================================
Received Import Request.
  Time since last request: 0.000184 seconds.
  path: Assets/Fantasy Sfx/Wav/Footsteps/Footstep_Dirt_03.wav
  artifactKey: Guid(aa9d74433c06a41a9b25cc9175d3f3ae) Importer(815301076,1909f56bfc062723c751e8b465ee728b)
Start importing Assets/Fantasy Sfx/Wav/Footsteps/Footstep_Dirt_03.wav using Guid(aa9d74433c06a41a9b25cc9175d3f3ae) Importer(815301076,1909f56bfc062723c751e8b465ee728b)  -> (artifact id: 'b1858ff51cc6d2110791ae69ae75f6af') in 0.016366 seconds 
========================================================================
Received Import Request.
  Time since last request: 0.000229 seconds.
  path: Assets/Fantasy Sfx/Wav/Goblin_02.wav
  artifactKey: Guid(0cd0367ce705e426e944079a1e47eb84) Importer(815301076,1909f56bfc062723c751e8b465ee728b)
Start importing Assets/Fantasy Sfx/Wav/Goblin_02.wav using Guid(0cd0367ce705e426e944079a1e47eb84) Importer(815301076,1909f56bfc062723c751e8b465ee728b)  -> (artifact id: 'a9eeb9cbc0c808fc4501e78b19d544ce') in 0.013924 seconds 
========================================================================
Received Import Request.
  Time since last request: 0.000206 seconds.
  path: Assets/Fantasy Sfx/Mp3/Footsteps/Footstep_Water_01.mp3
  artifactKey: Guid(ba5699080bfd24d7e984d2a0d88405ef) Importer(815301076,1909f56bfc062723c751e8b465ee728b)
Start importing Assets/Fantasy Sfx/Mp3/Footsteps/Footstep_Water_01.mp3 using Guid(ba5699080bfd24d7e984d2a0d88405ef) Importer(815301076,1909f56bfc062723c751e8b465ee728b)  -> (artifact id: '84ae0550348cb15d2e7c937d684bbe25') in 0.013661 seconds 
========================================================================
Received Import Request.
  Time since last request: 0.000177 seconds.
  path: Assets/Fantasy Sfx/Wav/Pickup_Gold_03.wav
  artifactKey: Guid(a6b96b8ff0a354589a034b674322e457) Importer(815301076,1909f56bfc062723c751e8b465ee728b)
Start importing Assets/Fantasy Sfx/Wav/Pickup_Gold_03.wav using Guid(a6b96b8ff0a354589a034b674322e457) Importer(815301076,1909f56bfc062723c751e8b465ee728b)  -> (artifact id: '9db439a1bcafa7ea50bec6ea1eac5f8a') in 0.012354 seconds 
========================================================================
Received Import Request.
  Time since last request: 0.000283 seconds.
  path: Assets/Fantasy Sfx/Mp3/Pickup_Gold_03.mp3
  artifactKey: Guid(2c6bf6490e5d749bf94eb110314aad49) Importer(815301076,1909f56bfc062723c751e8b465ee728b)
Start importing Assets/Fantasy Sfx/Mp3/Pickup_Gold_03.mp3 using Guid(2c6bf6490e5d749bf94eb110314aad49) Importer(815301076,1909f56bfc062723c751e8b465ee728b)  -> (artifact id: '243982d1f60b2acc7eb261d7e36ed00f') in 0.013964 seconds 
========================================================================
Received Import Request.
  Time since last request: 0.000212 seconds.
  path: Assets/Fantasy Sfx/Mp3/Pickup_Gold_02.mp3
  artifactKey: Guid(d0841eebed9944dd3b27de3ee7e6eb88) Importer(815301076,1909f56bfc062723c751e8b465ee728b)
Start importing Assets/Fantasy Sfx/Mp3/Pickup_Gold_02.mp3 using Guid(d0841eebed9944dd3b27de3ee7e6eb88) Importer(815301076,1909f56bfc062723c751e8b465ee728b)  -> (artifact id: '1de5fc4f4206d9dc30811e440c864610') in 0.013851 seconds 
========================================================================
Received Import Request.
  Time since last request: 0.000197 seconds.
  path: Assets/Fantasy Sfx/Mp3/Footsteps/Footstep_Water_06.mp3
  artifactKey: Guid(e6ca2426aab48445d80f08b93db94f24) Importer(815301076,1909f56bfc062723c751e8b465ee728b)
Start importing Assets/Fantasy Sfx/Mp3/Footsteps/Footstep_Water_06.mp3 using Guid(e6ca2426aab48445d80f08b93db94f24) Importer(815301076,1909f56bfc062723c751e8b465ee728b)  -> (artifact id: 'd496bca9900c0fa6aba360ffc692ad77') in 0.013788 seconds 
========================================================================
Received Import Request.
  Time since last request: 0.000188 seconds.
  path: Assets/Fantasy Sfx/Mp3/Footsteps/Footstep_Water_05.mp3
  artifactKey: Guid(61467420665bc4bb782283cc97cebfdb) Importer(815301076,1909f56bfc062723c751e8b465ee728b)
Start importing Assets/Fantasy Sfx/Mp3/Footsteps/Footstep_Water_05.mp3 using Guid(61467420665bc4bb782283cc97cebfdb) Importer(815301076,1909f56bfc062723c751e8b465ee728b)  -> (artifact id: '81d5c90ff72c307ea4f71631fe086631') in 0.013378 seconds 
========================================================================
Received Import Request.
  Time since last request: 0.000209 seconds.
  path: Assets/Fantasy Sfx/Mp3/Footsteps/Footstep_Dirt_04.mp3
  artifactKey: Guid(c71a1656ec801453da6b0fc7884f77fe) Importer(815301076,1909f56bfc062723c751e8b465ee728b)
Start importing Assets/Fantasy Sfx/Mp3/Footsteps/Footstep_Dirt_04.mp3 using Guid(c71a1656ec801453da6b0fc7884f77fe) Importer(815301076,1909f56bfc062723c751e8b465ee728b)  -> (artifact id: 'f6515891d1cdfd752ee9a92f11fbb4e8') in 0.013922 seconds 
========================================================================
Received Import Request.
  Time since last request: 0.000210 seconds.
  path: Assets/Fantasy Sfx/Mp3/Goblin_03.mp3
  artifactKey: Guid(a7fdde9dbb81b4167a27a8aeb1e4ce58) Importer(815301076,1909f56bfc062723c751e8b465ee728b)
Start importing Assets/Fantasy Sfx/Mp3/Goblin_03.mp3 using Guid(a7fdde9dbb81b4167a27a8aeb1e4ce58) Importer(815301076,1909f56bfc062723c751e8b465ee728b)  -> (artifact id: 'eddfa6cc56c94f453f70f2f1ae29bc5c') in 0.013092 seconds 
========================================================================
Received Import Request.
  Time since last request: 0.000198 seconds.
  path: Assets/Fantasy Sfx/Mp3/Goblin_00.mp3
  artifactKey: Guid(0d3def65994b84d04b8791e02beb2391) Importer(815301076,1909f56bfc062723c751e8b465ee728b)
Start importing Assets/Fantasy Sfx/Mp3/Goblin_00.mp3 using Guid(0d3def65994b84d04b8791e02beb2391) Importer(815301076,1909f56bfc062723c751e8b465ee728b)  -> (artifact id: '09257b75be3288d11ba4f97b01ee0e5a') in 0.014183 seconds 
========================================================================
Received Import Request.
  Time since last request: 0.000184 seconds.
  path: Assets/Fantasy Sfx/Mp3/Menu_Select_00.mp3
  artifactKey: Guid(4f13633ea56974e6dbf63eb99fa6c851) Importer(815301076,1909f56bfc062723c751e8b465ee728b)
Start importing Assets/Fantasy Sfx/Mp3/Menu_Select_00.mp3 using Guid(4f13633ea56974e6dbf63eb99fa6c851) Importer(815301076,1909f56bfc062723c751e8b465ee728b)  -> (artifact id: '0b6dc187b2f9981acb52240832952334') in 0.013462 seconds 
========================================================================
Received Import Request.
  Time since last request: 0.000164 seconds.
  path: Assets/Fantasy Sfx/Wav/Footsteps/Footstep_Dirt_06.wav
  artifactKey: Guid(27f4d8a727d874633b0292b089ec9b7c) Importer(815301076,1909f56bfc062723c751e8b465ee728b)
Start importing Assets/Fantasy Sfx/Wav/Footsteps/Footstep_Dirt_06.wav using Guid(27f4d8a727d874633b0292b089ec9b7c) Importer(815301076,1909f56bfc062723c751e8b465ee728b)  -> (artifact id: '2f8f8dfa17e2250ce099511d650ef4a1') in 0.014222 seconds 
========================================================================
Received Import Request.
  Time since last request: 0.000172 seconds.
  path: Assets/Fantasy Sfx/Mp3/Dragon_Growl_01.mp3
  artifactKey: Guid(cc38b51f3704642d7ba01a8c899baad9) Importer(815301076,1909f56bfc062723c751e8b465ee728b)
Start importing Assets/Fantasy Sfx/Mp3/Dragon_Growl_01.mp3 using Guid(cc38b51f3704642d7ba01a8c899baad9) Importer(815301076,1909f56bfc062723c751e8b465ee728b)  -> (artifact id: 'a3c1385fb751e501eeb174da744c6637') in 0.015141 seconds 
========================================================================
Received Import Request.
  Time since last request: 0.000195 seconds.
  path: Assets/Fantasy Sfx/Wav/Pickup_Gold_01.wav
  artifactKey: Guid(3cd33786ea8c04c65a99918066a87684) Importer(815301076,1909f56bfc062723c751e8b465ee728b)
Start importing Assets/Fantasy Sfx/Wav/Pickup_Gold_01.wav using Guid(3cd33786ea8c04c65a99918066a87684) Importer(815301076,1909f56bfc062723c751e8b465ee728b)  -> (artifact id: '982c27bc3fcc1bf58ab9218e38d2849f') in 0.015031 seconds 
========================================================================
Received Import Request.
  Time since last request: 0.000236 seconds.
  path: Assets/Fantasy Sfx/Mp3/Goblin_02.mp3
  artifactKey: Guid(d4aedaaa8b7044b028ce7da7409a8fab) Importer(815301076,1909f56bfc062723c751e8b465ee728b)
Start importing Assets/Fantasy Sfx/Mp3/Goblin_02.mp3 using Guid(d4aedaaa8b7044b028ce7da7409a8fab) Importer(815301076,1909f56bfc062723c751e8b465ee728b)  -> (artifact id: '48909f71258ed276bf9f3c0fbfb8ef6d') in 0.012970 seconds 
========================================================================
Received Import Request.
  Time since last request: 0.000169 seconds.
  path: Assets/Fantasy Sfx/Mp3/Footsteps/Footstep_Dirt_08.mp3
  artifactKey: Guid(8148972f644724dc6ab272a4f7e24faa) Importer(815301076,1909f56bfc062723c751e8b465ee728b)
Start importing Assets/Fantasy Sfx/Mp3/Footsteps/Footstep_Dirt_08.mp3 using Guid(8148972f644724dc6ab272a4f7e24faa) Importer(815301076,1909f56bfc062723c751e8b465ee728b)  -> (artifact id: 'd7299cc1ef1055a15c10356bcf3ba77f') in 0.013318 seconds 
========================================================================
Received Import Request.
  Time since last request: 0.000246 seconds.
  path: Assets/Fantasy Sfx/Wav/Inventory_Open_00.wav
  artifactKey: Guid(ca056d4afe5e74498a0798f16e0e866d) Importer(815301076,1909f56bfc062723c751e8b465ee728b)
Start importing Assets/Fantasy Sfx/Wav/Inventory_Open_00.wav using Guid(ca056d4afe5e74498a0798f16e0e866d) Importer(815301076,1909f56bfc062723c751e8b465ee728b)  -> (artifact id: '437eb5325babc322e957608c6d5828f6') in 0.011757 seconds 
========================================================================
Received Import Request.
  Time since last request: 0.000214 seconds.
  path: Assets/Fantasy Sfx/Wav/Footsteps/Footstep_Dirt_00.wav
  artifactKey: Guid(05a08dd4ee0c046a6b56466d5c9aa9b8) Importer(815301076,1909f56bfc062723c751e8b465ee728b)
Start importing Assets/Fantasy Sfx/Wav/Footsteps/Footstep_Dirt_00.wav using Guid(05a08dd4ee0c046a6b56466d5c9aa9b8) Importer(815301076,1909f56bfc062723c751e8b465ee728b)  -> (artifact id: 'a3769e5ab8cb50f666d45ea6596df0e2') in 0.014575 seconds 
========================================================================
Received Import Request.
  Time since last request: 0.000191 seconds.
  path: Assets/Fantasy Sfx/Mp3/Jingle_Lose_00.mp3
  artifactKey: Guid(2f07c3b7706a64f489133201c2342886) Importer(815301076,1909f56bfc062723c751e8b465ee728b)
Start importing Assets/Fantasy Sfx/Mp3/Jingle_Lose_00.mp3 using Guid(2f07c3b7706a64f489133201c2342886) Importer(815301076,1909f56bfc062723c751e8b465ee728b)  -> (artifact id: 'abb966df973b3c3f90686fc62dd3f9de') in 0.014232 seconds 
========================================================================
Received Import Request.
  Time since last request: 0.000218 seconds.
  path: Assets/Fantasy Sfx/Mp3/Footsteps/Footstep_Dirt_07.mp3
  artifactKey: Guid(1c30db6cd8fb645049fe02656a68d721) Importer(815301076,1909f56bfc062723c751e8b465ee728b)
Start importing Assets/Fantasy Sfx/Mp3/Footsteps/Footstep_Dirt_07.mp3 using Guid(1c30db6cd8fb645049fe02656a68d721) Importer(815301076,1909f56bfc062723c751e8b465ee728b)  -> (artifact id: '1d22fcf36e9b564634d285ccbe0b1996') in 0.012959 seconds 
========================================================================
Received Import Request.
  Time since last request: 0.000192 seconds.
  path: Assets/Fantasy Sfx/Mp3/Dragon_Growl_00.mp3
  artifactKey: Guid(31572d31fe9bc4d4d909f5a91c767e4a) Importer(815301076,1909f56bfc062723c751e8b465ee728b)
Start importing Assets/Fantasy Sfx/Mp3/Dragon_Growl_00.mp3 using Guid(31572d31fe9bc4d4d909f5a91c767e4a) Importer(815301076,1909f56bfc062723c751e8b465ee728b)  -> (artifact id: '628df0a1b4ac9deeb94bbdb6b66ce26f') in 0.014722 seconds 
========================================================================
Received Import Request.
  Time since last request: 0.000218 seconds.
  path: Assets/Fantasy Sfx/Wav/Footsteps/Footstep_Dirt_05.wav
  artifactKey: Guid(f626dafe2c3e045cd852e86532182f70) Importer(815301076,1909f56bfc062723c751e8b465ee728b)
Start importing Assets/Fantasy Sfx/Wav/Footsteps/Footstep_Dirt_05.wav using Guid(f626dafe2c3e045cd852e86532182f70) Importer(815301076,1909f56bfc062723c751e8b465ee728b)  -> (artifact id: '54b200fe33b895243cd7279ea6f72c6b') in 0.011763 seconds 
========================================================================
Received Import Request.
  Time since last request: 0.000191 seconds.
  path: Assets/Fantasy Sfx/Wav/Pickup_Gold_00.wav
  artifactKey: Guid(e66c05008dfd54b65a39750fb4ca35be) Importer(815301076,1909f56bfc062723c751e8b465ee728b)
Start importing Assets/Fantasy Sfx/Wav/Pickup_Gold_00.wav using Guid(e66c05008dfd54b65a39750fb4ca35be) Importer(815301076,1909f56bfc062723c751e8b465ee728b)  -> (artifact id: '6b6ddf901c8fcf9d9c2154ba93dbae68') in 0.015329 seconds 
========================================================================
Received Import Request.
  Time since last request: 0.000202 seconds.
  path: Assets/Fantasy Sfx/Wav/Pickup_Gold_02.wav
  artifactKey: Guid(7b34a1c3f2d86478f8ece94c4c46c8dd) Importer(815301076,1909f56bfc062723c751e8b465ee728b)
Start importing Assets/Fantasy Sfx/Wav/Pickup_Gold_02.wav using Guid(7b34a1c3f2d86478f8ece94c4c46c8dd) Importer(815301076,1909f56bfc062723c751e8b465ee728b)  -> (artifact id: '5b9f95ef505edd74188b027074322aeb') in 0.014787 seconds 
========================================================================
Received Import Request.
  Time since last request: 0.000208 seconds.
  path: Assets/Fantasy Sfx/Wav/Goblin_00.wav
  artifactKey: Guid(2bffc6a78a1534549a1ab2124a23ea39) Importer(815301076,1909f56bfc062723c751e8b465ee728b)
Start importing Assets/Fantasy Sfx/Wav/Goblin_00.wav using Guid(2bffc6a78a1534549a1ab2124a23ea39) Importer(815301076,1909f56bfc062723c751e8b465ee728b)  -> (artifact id: '708edce02e3efb294543226d783527e3') in 0.011615 seconds 
========================================================================
Received Import Request.
  Time since last request: 0.000181 seconds.
  path: Assets/Fantasy Sfx/Mp3/Goblin_04.mp3
  artifactKey: Guid(2a0632631fb04405fa85f4a5a5d01a4d) Importer(815301076,1909f56bfc062723c751e8b465ee728b)
Start importing Assets/Fantasy Sfx/Mp3/Goblin_04.mp3 using Guid(2a0632631fb04405fa85f4a5a5d01a4d) Importer(815301076,1909f56bfc062723c751e8b465ee728b)  -> (artifact id: 'a9752c1333c49364550bb6477b6a34fe') in 0.016059 seconds 
========================================================================
Received Import Request.
  Time since last request: 0.000220 seconds.
  path: Assets/Fantasy Sfx/Mp3/Footsteps/Footstep_Dirt_02.mp3
  artifactKey: Guid(8033517be0e2b4a939b3f8ffacc6f4d5) Importer(815301076,1909f56bfc062723c751e8b465ee728b)
Start importing Assets/Fantasy Sfx/Mp3/Footsteps/Footstep_Dirt_02.mp3 using Guid(8033517be0e2b4a939b3f8ffacc6f4d5) Importer(815301076,1909f56bfc062723c751e8b465ee728b)  -> (artifact id: '11f1ce8c7cf52d1e0d29ae401e8e8cbe') in 0.011628 seconds 
========================================================================
Received Import Request.
  Time since last request: 0.000172 seconds.
  path: Assets/Fantasy Sfx/Mp3/Ambience_Cave_00.mp3
  artifactKey: Guid(dff547ca933eb4d72a80bbb104e16ab7) Importer(815301076,1909f56bfc062723c751e8b465ee728b)
Start importing Assets/Fantasy Sfx/Mp3/Ambience_Cave_00.mp3 using Guid(dff547ca933eb4d72a80bbb104e16ab7) Importer(815301076,1909f56bfc062723c751e8b465ee728b)  -> (artifact id: 'b8aa07ad2bb8665c94ef1f0656c1a0c0') in 0.013821 seconds 
========================================================================
Received Import Request.
  Time since last request: 0.000188 seconds.
  path: Assets/Fantasy Sfx/Wav/Footsteps/Footstep_Water_05.wav
  artifactKey: Guid(db19e03f19d7f4c8aac6ffbf748d3ccc) Importer(815301076,1909f56bfc062723c751e8b465ee728b)
Start importing Assets/Fantasy Sfx/Wav/Footsteps/Footstep_Water_05.wav using Guid(db19e03f19d7f4c8aac6ffbf748d3ccc) Importer(815301076,1909f56bfc062723c751e8b465ee728b)  -> (artifact id: 'b110f15728bdb5ced1b600afed36041c') in 0.011756 seconds 
========================================================================
Received Import Request.
  Time since last request: 0.000186 seconds.
  path: Assets/Fantasy Sfx/Wav/Footsteps/Footstep_Water_03.wav
  artifactKey: Guid(06721a4ba46ae4f75aac68401b0b1bd8) Importer(815301076,1909f56bfc062723c751e8b465ee728b)
Start importing Assets/Fantasy Sfx/Wav/Footsteps/Footstep_Water_03.wav using Guid(06721a4ba46ae4f75aac68401b0b1bd8) Importer(815301076,1909f56bfc062723c751e8b465ee728b)  -> (artifact id: 'a7211964b76d3e20f769cfb7e1acc5dc') in 0.015860 seconds 
========================================================================
Received Import Request.
  Time since last request: 0.000190 seconds.
  path: Assets/Fantasy Sfx/Mp3/Footsteps/Footstep_Water_00.mp3
  artifactKey: Guid(0f7237cf710e142909810e114ce1d2fb) Importer(815301076,1909f56bfc062723c751e8b465ee728b)
Start importing Assets/Fantasy Sfx/Mp3/Footsteps/Footstep_Water_00.mp3 using Guid(0f7237cf710e142909810e114ce1d2fb) Importer(815301076,1909f56bfc062723c751e8b465ee728b)  -> (artifact id: '4f30ec4a36b45aa58d71faf19c45f540') in 0.013065 seconds 
========================================================================
Received Import Request.
  Time since last request: 0.000193 seconds.
  path: Assets/Fantasy Sfx/Wav/Menu_Select_00.wav
  artifactKey: Guid(33b6cd7837c7642958dac012307e9086) Importer(815301076,1909f56bfc062723c751e8b465ee728b)
Start importing Assets/Fantasy Sfx/Wav/Menu_Select_00.wav using Guid(33b6cd7837c7642958dac012307e9086) Importer(815301076,1909f56bfc062723c751e8b465ee728b)  -> (artifact id: 'ee03bc43afb0891cab8d307dbab9cc39') in 0.012519 seconds 
========================================================================
Received Import Request.
  Time since last request: 164.385198 seconds.
  path: Assets/Audio/healpop-46004.mp3
  artifactKey: Guid(37c44ac076051d04a804238f93d0f60f) Importer(815301076,1909f56bfc062723c751e8b465ee728b)
Start importing Assets/Audio/healpop-46004.mp3 using Guid(37c44ac076051d04a804238f93d0f60f) Importer(815301076,1909f56bfc062723c751e8b465ee728b)  -> (artifact id: 'b726610a467394b9b2c4ad7c50a16c29') in 0.013159 seconds 
========================================================================
Received Prepare
Registering precompiled user dll's ...
Registered in 0.002423 seconds.
Begin MonoManager ReloadAssembly
Native extension for WindowsStandalone target not found
Native extension for WebGL target not found
Refreshing native plugins compatible for Editor in 0.42 ms, found 3 plugins.
Preloading 0 native plugins for Editor in 0.00 ms.
Mono: successfully reloaded assembly
- Completed reload, in  1.005 seconds
Domain Reload Profiling:
	ReloadAssembly (1006ms)
		BeginReloadAssembly (130ms)
			ExecutionOrderSort (0ms)
			DisableScriptedObjects (8ms)
			BackupInstance (0ms)
			ReleaseScriptingObjects (0ms)
			CreateAndSetChildDomain (40ms)
		EndReloadAssembly (816ms)
			LoadAssemblies (105ms)
			RebuildTransferFunctionScriptingTraits (0ms)
			SetupTypeCache (267ms)
			ReleaseScriptCaches (1ms)
			RebuildScriptCaches (46ms)
			SetupLoadedEditorAssemblies (308ms)
				LogAssemblyErrors (0ms)
				InitializePlatformSupportModulesInManaged (6ms)
				SetLoadedEditorAssemblies (0ms)
				RefreshPlugins (0ms)
				BeforeProcessingInitializeOnLoad (82ms)
				ProcessInitializeOnLoadAttributes (202ms)
				ProcessInitializeOnLoadMethodAttributes (10ms)
				AfterProcessingInitializeOnLoad (7ms)
				EditorAssembliesLoaded (0ms)
			ExecutionOrderSort2 (0ms)
			AwakeInstancesAfterBackupRestoration (2ms)
Platform modules already initialized, skipping
Refreshing native plugins compatible for Editor in 0.53 ms, found 3 plugins.
Preloading 0 native plugins for Editor in 0.00 ms.
Unloading 2165 Unused Serialized files (Serialized files now loaded: 0)
System memory in use before: 101.1 MB.
System memory in use after: 101.2 MB.

Unloading 15 unused Assets to reduce memory usage. Loaded Objects now: 2646.
Total: 2.603800 ms (FindLiveObjects: 0.151500 ms CreateObjectMapping: 0.064400 ms MarkObjects: 2.370800 ms  DeleteObjects: 0.016600 ms)

AssetImportParameters requested are different than current active one (requested -> active):
  custom:framework-win-MediaFoundation: 216162199b28c13a410421893ffa2e32 -> 
  custom:video-decoder-ogg-theora: a1e56fd34408186e4bbccfd4996cb3dc -> 
  custom:container-muxer-webm: aa71ff27fc2769a1b78a27578f13a17b -> 
  custom:container-demuxer-webm: 4f35f7cbe854078d1ac9338744f61a02 -> 
  custom:container-demuxer-ogg: 62fdf1f143b41e24485cea50d1cbac27 -> 
  custom:video-encoder-webm-vp8: eb34c28f22e8b96e1ab97ce403110664 -> 
  custom:video-codec-MediaFoundation-h265: 746d11721c4dcdbdad8f713fa42b33f4 -> 
  custom:video-decoder-webm-vp8: 9c59270c3fd7afecdb556c50c9e8de78 -> 
  custom:audio-decoder-ogg-vorbis: bf7c407c2cedff20999df2af8eb42d56 -> 
  custom:audio-encoder-webm-vorbis: bf7c407c2cedff20999df2af8eb42d56 -> 
========================================================================
Received Prepare
Registering precompiled user dll's ...
Registered in 0.002338 seconds.
Begin MonoManager ReloadAssembly
Native extension for WindowsStandalone target not found
Native extension for WebGL target not found
Refreshing native plugins compatible for Editor in 0.42 ms, found 3 plugins.
Preloading 0 native plugins for Editor in 0.00 ms.
Mono: successfully reloaded assembly
- Completed reload, in  1.002 seconds
Domain Reload Profiling:
	ReloadAssembly (1002ms)
		BeginReloadAssembly (125ms)
			ExecutionOrderSort (0ms)
			DisableScriptedObjects (6ms)
			BackupInstance (0ms)
			ReleaseScriptingObjects (0ms)
			CreateAndSetChildDomain (36ms)
		EndReloadAssembly (816ms)
			LoadAssemblies (107ms)
			RebuildTransferFunctionScriptingTraits (0ms)
			SetupTypeCache (274ms)
			ReleaseScriptCaches (1ms)
			RebuildScriptCaches (44ms)
			SetupLoadedEditorAssemblies (324ms)
				LogAssemblyErrors (0ms)
				InitializePlatformSupportModulesInManaged (5ms)
				SetLoadedEditorAssemblies (0ms)
				RefreshPlugins (0ms)
				BeforeProcessingInitializeOnLoad (83ms)
				ProcessInitializeOnLoadAttributes (219ms)
				ProcessInitializeOnLoadMethodAttributes (10ms)
				AfterProcessingInitializeOnLoad (7ms)
				EditorAssembliesLoaded (0ms)
			ExecutionOrderSort2 (0ms)
			AwakeInstancesAfterBackupRestoration (2ms)
Platform modules already initialized, skipping
Refreshing native plugins compatible for Editor in 0.47 ms, found 3 plugins.
Preloading 0 native plugins for Editor in 0.00 ms.
Unloading 2165 Unused Serialized files (Serialized files now loaded: 0)
System memory in use before: 101.1 MB.
System memory in use after: 101.2 MB.

Unloading 15 unused Assets to reduce memory usage. Loaded Objects now: 2649.
Total: 3.005100 ms (FindLiveObjects: 0.152700 ms CreateObjectMapping: 0.063000 ms MarkObjects: 2.769900 ms  DeleteObjects: 0.018800 ms)

AssetImportParameters requested are different than current active one (requested -> active):
  custom:framework-win-MediaFoundation: 216162199b28c13a410421893ffa2e32 -> 
  custom:video-decoder-ogg-theora: a1e56fd34408186e4bbccfd4996cb3dc -> 
  custom:container-muxer-webm: aa71ff27fc2769a1b78a27578f13a17b -> 
  custom:container-demuxer-webm: 4f35f7cbe854078d1ac9338744f61a02 -> 
  custom:container-demuxer-ogg: 62fdf1f143b41e24485cea50d1cbac27 -> 
  custom:video-encoder-webm-vp8: eb34c28f22e8b96e1ab97ce403110664 -> 
  custom:video-codec-MediaFoundation-h265: 746d11721c4dcdbdad8f713fa42b33f4 -> 
  custom:video-decoder-webm-vp8: 9c59270c3fd7afecdb556c50c9e8de78 -> 
  custom:audio-decoder-ogg-vorbis: bf7c407c2cedff20999df2af8eb42d56 -> 
  custom:audio-encoder-webm-vorbis: bf7c407c2cedff20999df2af8eb42d56 -> 
========================================================================
Received Import Request.
  Time since last request: 304.367573 seconds.
  path: Assets/Audio/clean-fast-swooshaiff-14784.mp3
  artifactKey: Guid(d96e6d23eddfc1241a9ad13ee2c2b2af) Importer(815301076,1909f56bfc062723c751e8b465ee728b)
Start importing Assets/Audio/clean-fast-swooshaiff-14784.mp3 using Guid(d96e6d23eddfc1241a9ad13ee2c2b2af) Importer(815301076,1909f56bfc062723c751e8b465ee728b)  -> (artifact id: '8922dfa1c49ff85a6e48077507755257') in 0.055471 seconds 
========================================================================
Received Import Request.
  Time since last request: 11.744668 seconds.
  path: Assets/Fantasy Sfx/Wav/Spell_00.wav
  artifactKey: Guid(61e73f3e692c640eb9f9c7ee724ac862) Importer(815301076,1909f56bfc062723c751e8b465ee728b)
Start importing Assets/Fantasy Sfx/Wav/Spell_00.wav using Guid(61e73f3e692c640eb9f9c7ee724ac862) Importer(815301076,1909f56bfc062723c751e8b465ee728b)  -> (artifact id: 'a89e5ffbbcd2c3dff3b2f3f5f3039423') in 0.059655 seconds 
========================================================================
Received Import Request.
  Time since last request: 0.000240 seconds.
  path: Assets/Fantasy Sfx/Wav/Spell_04.wav
  artifactKey: Guid(a03a8831d95ef44a2b870d4b4850f7d0) Importer(815301076,1909f56bfc062723c751e8b465ee728b)
Start importing Assets/Fantasy Sfx/Wav/Spell_04.wav using Guid(a03a8831d95ef44a2b870d4b4850f7d0) Importer(815301076,1909f56bfc062723c751e8b465ee728b)  -> (artifact id: '0468cf780ce37fc5b8d67997439a72bd') in 0.013754 seconds 
========================================================================
Received Import Request.
  Time since last request: 0.000261 seconds.
  path: Assets/Fantasy Sfx/Mp3/Spell_02.mp3
  artifactKey: Guid(7743889c22ea9472a895ecd63b2bb221) Importer(815301076,1909f56bfc062723c751e8b465ee728b)
Start importing Assets/Fantasy Sfx/Mp3/Spell_02.mp3 using Guid(7743889c22ea9472a895ecd63b2bb221) Importer(815301076,1909f56bfc062723c751e8b465ee728b)  -> (artifact id: 'a1f2b958660fbd98681dacf16743f09c') in 0.012830 seconds 
========================================================================
Received Import Request.
  Time since last request: 0.000226 seconds.
  path: Assets/Fantasy Sfx/Mp3/Trap_01.mp3
  artifactKey: Guid(a9e925ca095e74c6781bc9cceafc6743) Importer(815301076,1909f56bfc062723c751e8b465ee728b)
Start importing Assets/Fantasy Sfx/Mp3/Trap_01.mp3 using Guid(a9e925ca095e74c6781bc9cceafc6743) Importer(815301076,1909f56bfc062723c751e8b465ee728b)  -> (artifact id: '9edddaa9441fa65c9b8bef0b625ceadf') in 0.013784 seconds 
========================================================================
Received Import Request.
  Time since last request: 0.000279 seconds.
  path: Assets/Fantasy Sfx/Wav/Spell_01.wav
  artifactKey: Guid(9ae32f8e1a94c486c9929faca77ff03b) Importer(815301076,1909f56bfc062723c751e8b465ee728b)
Start importing Assets/Fantasy Sfx/Wav/Spell_01.wav using Guid(9ae32f8e1a94c486c9929faca77ff03b) Importer(815301076,1909f56bfc062723c751e8b465ee728b)  -> (artifact id: 'e41eda4c1d0d9c1d13dc1e07ef989ab5') in 0.013352 seconds 
========================================================================
Received Import Request.
  Time since last request: 0.000194 seconds.
  path: Assets/Fantasy Sfx/Mp3/Trap_00.mp3
  artifactKey: Guid(e44bb15d0be184e228244208f1a94e2c) Importer(815301076,1909f56bfc062723c751e8b465ee728b)
Start importing Assets/Fantasy Sfx/Mp3/Trap_00.mp3 using Guid(e44bb15d0be184e228244208f1a94e2c) Importer(815301076,1909f56bfc062723c751e8b465ee728b)  -> (artifact id: '62eeaf46e68123a9f7a5f9f3da8064bb') in 0.011693 seconds 
========================================================================
Received Import Request.
  Time since last request: 0.000249 seconds.
  path: Assets/Fantasy Sfx/Mp3/Spell_01.mp3
  artifactKey: Guid(ceede7a829d41470a86526620500b878) Importer(815301076,1909f56bfc062723c751e8b465ee728b)
Start importing Assets/Fantasy Sfx/Mp3/Spell_01.mp3 using Guid(ceede7a829d41470a86526620500b878) Importer(815301076,1909f56bfc062723c751e8b465ee728b)  -> (artifact id: 'aaeaf6f9c7e29e03a89fbebbe0e0d033') in 0.011847 seconds 
========================================================================
Received Import Request.
  Time since last request: 0.000201 seconds.
  path: Assets/Fantasy Sfx/Wav/Trap_02.wav
  artifactKey: Guid(1689b1b8a5075405f9fcb328f0d532a0) Importer(815301076,1909f56bfc062723c751e8b465ee728b)
Start importing Assets/Fantasy Sfx/Wav/Trap_02.wav using Guid(1689b1b8a5075405f9fcb328f0d532a0) Importer(815301076,1909f56bfc062723c751e8b465ee728b)  -> (artifact id: 'c111f6e6224f144d78da7e9d66e7de88') in 0.012797 seconds 
========================================================================
Received Import Request.
  Time since last request: 0.000200 seconds.
  path: Assets/Fantasy Sfx/Wav/Trap_01.wav
  artifactKey: Guid(d4a7952ebb861462b92df5cdbb5177e0) Importer(815301076,1909f56bfc062723c751e8b465ee728b)
Start importing Assets/Fantasy Sfx/Wav/Trap_01.wav using Guid(d4a7952ebb861462b92df5cdbb5177e0) Importer(815301076,1909f56bfc062723c751e8b465ee728b)  -> (artifact id: '593d67f8b7247112c4d7056f4856043d') in 0.012228 seconds 
========================================================================
Received Import Request.
  Time since last request: 0.000200 seconds.
  path: Assets/Fantasy Sfx/Mp3/Spell_04.mp3
  artifactKey: Guid(4253ea676060e49dd9488f73d692ea2a) Importer(815301076,1909f56bfc062723c751e8b465ee728b)
Start importing Assets/Fantasy Sfx/Mp3/Spell_04.mp3 using Guid(4253ea676060e49dd9488f73d692ea2a) Importer(815301076,1909f56bfc062723c751e8b465ee728b)  -> (artifact id: '635061d1a3beb58eb3b3f26733141bb1') in 0.011343 seconds 
========================================================================
Received Import Request.
  Time since last request: 0.000191 seconds.
  path: Assets/Fantasy Sfx/Wav/Spell_03.wav
  artifactKey: Guid(ab005f59b5030495b9cbe7ccc9f6a329) Importer(815301076,1909f56bfc062723c751e8b465ee728b)
Start importing Assets/Fantasy Sfx/Wav/Spell_03.wav using Guid(ab005f59b5030495b9cbe7ccc9f6a329) Importer(815301076,1909f56bfc062723c751e8b465ee728b)  -> (artifact id: 'ebb2358a75b4a6c8c37a07c469fc2919') in 0.013183 seconds 
========================================================================
Received Import Request.
  Time since last request: 0.000177 seconds.
  path: Assets/Fantasy Sfx/Mp3/Trap_02.mp3
  artifactKey: Guid(1078039422a884908b82570ba0bfb6cd) Importer(815301076,1909f56bfc062723c751e8b465ee728b)
Start importing Assets/Fantasy Sfx/Mp3/Trap_02.mp3 using Guid(1078039422a884908b82570ba0bfb6cd) Importer(815301076,1909f56bfc062723c751e8b465ee728b)  -> (artifact id: '36f644fcef80e5f008d6ac69a46bc4fc') in 0.013790 seconds 
========================================================================
Received Import Request.
  Time since last request: 0.000198 seconds.
  path: Assets/Fantasy Sfx/Wav/Trap_00.wav
  artifactKey: Guid(85e890e800369403ea5af9b10adecb94) Importer(815301076,1909f56bfc062723c751e8b465ee728b)
Start importing Assets/Fantasy Sfx/Wav/Trap_00.wav using Guid(85e890e800369403ea5af9b10adecb94) Importer(815301076,1909f56bfc062723c751e8b465ee728b)  -> (artifact id: '226627bdf9c651043b3b5f00471ddd8e') in 0.011475 seconds 
========================================================================
Received Import Request.
  Time since last request: 0.000189 seconds.
  path: Assets/Fantasy Sfx/Wav/Spell_02.wav
  artifactKey: Guid(1682be7bc3123409d91a7dcea2cd1f29) Importer(815301076,1909f56bfc062723c751e8b465ee728b)
Start importing Assets/Fantasy Sfx/Wav/Spell_02.wav using Guid(1682be7bc3123409d91a7dcea2cd1f29) Importer(815301076,1909f56bfc062723c751e8b465ee728b)  -> (artifact id: 'f0e0235d25132c327c8249e075086f5f') in 0.012334 seconds 
========================================================================
Received Import Request.
  Time since last request: 0.000175 seconds.
  path: Assets/Fantasy Sfx/Mp3/Spell_03.mp3
  artifactKey: Guid(2876b236a191740e9992b2bd31a41c2d) Importer(815301076,1909f56bfc062723c751e8b465ee728b)
Start importing Assets/Fantasy Sfx/Mp3/Spell_03.mp3 using Guid(2876b236a191740e9992b2bd31a41c2d) Importer(815301076,1909f56bfc062723c751e8b465ee728b)  -> (artifact id: 'ca1cf274d433d29808aeddaaec671340') in 0.014846 seconds 
========================================================================
Received Prepare
Registering precompiled user dll's ...
Registered in 0.002414 seconds.
Begin MonoManager ReloadAssembly
Native extension for WindowsStandalone target not found
Native extension for WebGL target not found
Refreshing native plugins compatible for Editor in 0.44 ms, found 3 plugins.
Preloading 0 native plugins for Editor in 0.00 ms.
Mono: successfully reloaded assembly
- Completed reload, in  1.083 seconds
Domain Reload Profiling:
	ReloadAssembly (1083ms)
		BeginReloadAssembly (128ms)
			ExecutionOrderSort (0ms)
			DisableScriptedObjects (6ms)
			BackupInstance (0ms)
			ReleaseScriptingObjects (0ms)
			CreateAndSetChildDomain (37ms)
		EndReloadAssembly (881ms)
			LoadAssemblies (114ms)
			RebuildTransferFunctionScriptingTraits (0ms)
			SetupTypeCache (303ms)
			ReleaseScriptCaches (1ms)
			RebuildScriptCaches (43ms)
			SetupLoadedEditorAssemblies (346ms)
				LogAssemblyErrors (0ms)
				InitializePlatformSupportModulesInManaged (7ms)
				SetLoadedEditorAssemblies (0ms)
				RefreshPlugins (0ms)
				BeforeProcessingInitializeOnLoad (97ms)
				ProcessInitializeOnLoadAttributes (225ms)
				ProcessInitializeOnLoadMethodAttributes (9ms)
				AfterProcessingInitializeOnLoad (7ms)
				EditorAssembliesLoaded (0ms)
			ExecutionOrderSort2 (0ms)
			AwakeInstancesAfterBackupRestoration (2ms)
Platform modules already initialized, skipping
Refreshing native plugins compatible for Editor in 0.72 ms, found 3 plugins.
Preloading 0 native plugins for Editor in 0.00 ms.
Unloading 2165 Unused Serialized files (Serialized files now loaded: 0)
System memory in use before: 101.1 MB.
System memory in use after: 101.3 MB.

Unloading 15 unused Assets to reduce memory usage. Loaded Objects now: 2653.
Total: 2.638600 ms (FindLiveObjects: 0.130400 ms CreateObjectMapping: 0.063100 ms MarkObjects: 2.424800 ms  DeleteObjects: 0.019400 ms)

AssetImportParameters requested are different than current active one (requested -> active):
  custom:framework-win-MediaFoundation: 216162199b28c13a410421893ffa2e32 -> 
  custom:video-decoder-ogg-theora: a1e56fd34408186e4bbccfd4996cb3dc -> 
  custom:container-muxer-webm: aa71ff27fc2769a1b78a27578f13a17b -> 
  custom:container-demuxer-webm: 4f35f7cbe854078d1ac9338744f61a02 -> 
  custom:container-demuxer-ogg: 62fdf1f143b41e24485cea50d1cbac27 -> 
  custom:video-encoder-webm-vp8: eb34c28f22e8b96e1ab97ce403110664 -> 
  custom:video-codec-MediaFoundation-h265: 746d11721c4dcdbdad8f713fa42b33f4 -> 
  custom:video-decoder-webm-vp8: 9c59270c3fd7afecdb556c50c9e8de78 -> 
  custom:audio-decoder-ogg-vorbis: bf7c407c2cedff20999df2af8eb42d56 -> 
  custom:audio-encoder-webm-vorbis: bf7c407c2cedff20999df2af8eb42d56 -> 
AssetImportWorkerClient::OnTransportError - code=2 error=End of file
